[30-Sep-2019 12:40:46 UTC] go here
[30-Sep-2019 12:40:46 UTC] 1
[30-Sep-2019 12:40:46 UTC] go here2
[30-Sep-2019 12:40:46 UTC] go here2
[30-Sep-2019 12:40:46 UTC] go here2
[30-Sep-2019 12:40:46 UTC] go here2
[30-Sep-2019 12:42:19 UTC] go here
[30-Sep-2019 12:42:19 UTC] 1
[30-Sep-2019 12:42:19 UTC] go here2
[30-Sep-2019 12:42:19 UTC] go here2
[30-Sep-2019 12:42:19 UTC] go here2
[30-Sep-2019 12:42:19 UTC] go here2
[30-Sep-2019 12:47:58 UTC] Array
(
    [2] => Array
        (
            [field_5d8b3a6c41d1b] => Array
                (
                    [5d91f97b3634d] => Array
                        (
                            [field_5d91dcd361c18] => fsdfdf
                        )

                )

        )

    [field_5d8a1067b7964] => Array
        (
            [0] => 160
            [1] => 156
        )

    [field_5d8b3a0a41d19] => Array
        (
            [0] => 162
            [1] => 156
        )

    [field_5d8b3a3541d1a] => <strong>חלל המגורים</strong>
ריצוף גרניט פורצלן ו-או אבן טבעית במבחר גדלים (80X80 / 90X90 /100X100) וגוונים לבחירה.
דלתות פנים מהודרות מעץ איכותי מסדרת פנדור פרימיום או ש\"ע.
דלת כניסה מפוארת מסדרת רב בריח או ש\"ע.
מערכת אינטרקום מתקדמת.
מערכת בקרת אקלים VRF המספקת שליטה מלאה על תנאי האקלים בכל חלל הדירה.
חלונות ענק מפרופיל יוקרתי עם זיגוג כפול בכל הדירה מסדרת קליל נוף ו/או קליל אופיס 7500 או ש\"ע.
יחידת הורים יוקרתית עם מרפסת פרטית.
מערכת חשמל חכמה.

<strong>מטבח</strong>
מטבחי יוקרתי משולב אי ומזווה
משטח מטבח- אבן קיסר במספר גוונים לבחירה
כיור מטבח בהתקנה שטוחה
ברזים יוקרתיים מבית HANSGROHE או ש\"ע.

<strong>חדרי רחצה</strong>
ריצוף וחיפוי גרניט פורצלן במספר גוונים
אסלות תלויות עם מיכלי הדחה סמויים
ארונות אמבטיה מעוצבים
ברזים יוקרתיים תוצרת HANSGROHE או ש\"ע חיפוי קרמיקה בחדרי רחצה ומרפסות
חדר כביסה כולל מסתור
חימום תת רצפתי

<strong>כללי</strong>
תריסים חשמליים ורשתות בכל החדרים
חשמל תלת פאזי
חניות פרטיות לכל דירה (חניה מקורה או פתוחה)
שער חשמלי בכניסה לחנייה
חיפוי קירות חוץ באבן וטיח אקרילי
נקודות חשמל ומים בחצר הבית
תאורת חוץ

<strong>סה”כ עלות דוקלפס גן
207,000 ש”ח</strong>
    [field_5d8b3a6c41d1b] => 
)

[30-Sep-2019 12:47:58 UTC] go here
[30-Sep-2019 12:47:58 UTC] 1
[30-Sep-2019 12:47:58 UTC] go here2
[30-Sep-2019 12:47:58 UTC] go here2
[30-Sep-2019 12:47:58 UTC] go here2
[30-Sep-2019 12:47:58 UTC] go here2
[30-Sep-2019 13:01:39 UTC] Array
(
    [0] => Array
        (
            [field_5d8b3a6c41d1b] => Array
                (
                    [5d91fca3bfb22] => Array
                        (
                            [field_5d91dcd361c18] => 123
                        )

                    [5d91fca6bfb23] => Array
                        (
                            [field_5d91dcd361c18] => 123
                        )

                    [5d91fca9bfb24] => Array
                        (
                            [field_5d91dcd361c18] => 2345
                        )

                )

        )

    [field_5d8a1067b7964] => 
    [field_5d8b3a0a41d19] => 
    [field_5d8b3a3541d1a] => 
    [field_5d8b3a6c41d1b] => 
)

[30-Sep-2019 13:01:39 UTC] go here
[30-Sep-2019 13:01:39 UTC] 1572
[30-Sep-2019 13:01:39 UTC] go here2
[30-Sep-2019 13:01:39 UTC] go here2
[30-Sep-2019 13:01:39 UTC] go here2
[30-Sep-2019 13:01:39 UTC] go here2
[30-Sep-2019 13:02:41 UTC] Array
(
    [0] => Array
        (
            [field_5d8b3a6c41d1b] => Array
                (
                    [5d91fce8fbd05] => Array
                        (
                            [field_5d91dcd361c18] => 2
                        )

                    [5d91fceafbd06] => Array
                        (
                            [field_5d91dcd361c18] => 3
                        )

                    [5d91fcebfbd07] => Array
                        (
                            [field_5d91dcd361c18] => 45654656
                        )

                )

        )

    [field_5d8a1067b7964] => 
    [field_5d8b3a0a41d19] => 
    [field_5d8b3a3541d1a] => 
    [field_5d8b3a6c41d1b] => 
)

[30-Sep-2019 13:02:41 UTC] go here
[30-Sep-2019 13:02:41 UTC] 1667
[30-Sep-2019 13:02:41 UTC] go here2
[30-Sep-2019 13:02:41 UTC] go here2
[30-Sep-2019 13:02:41 UTC] go here2
[30-Sep-2019 13:02:41 UTC] go here2
[30-Sep-2019 13:06:54 UTC] Array
(
    [field_5d8a1067b7964] => Array
        (
            [0] => 156
        )

    [field_5d8b3a0a41d19] => Array
        (
            [0] => 47
        )

    [field_5d8b3a3541d1a] => <p>huhuhhuhuhuhuhh</p>
    [field_5d8b3a6c41d1b] => 1
)

[30-Sep-2019 13:06:54 UTC] go here2
[30-Sep-2019 13:06:54 UTC] go here2
[30-Sep-2019 13:06:54 UTC] go here2
[30-Sep-2019 13:06:54 UTC] go here2
[30-Sep-2019 13:08:10 UTC] Array
(
    [field_5d8a1067b7964] => Array
        (
            [0] => 160
            [1] => 156
        )

    [field_5d8b3a0a41d19] => Array
        (
            [0] => 162
            [1] => 156
        )

    [field_5d8b3a3541d1a] => <strong>חלל המגורים</strong>
ריצוף גרניט פורצלן ו-או אבן טבעית במבחר גדלים (80X80 / 90X90 /100X100) וגוונים לבחירה.
דלתות פנים מהודרות מעץ איכותי מסדרת פנדור פרימיום או ש\"ע.
דלת כניסה מפוארת מסדרת רב בריח או ש\"ע.
מערכת אינטרקום מתקדמת.
מערכת בקרת אקלים VRF המספקת שליטה מלאה על תנאי האקלים בכל חלל הדירה.
חלונות ענק מפרופיל יוקרתי עם זיגוג כפול בכל הדירה מסדרת קליל נוף ו/או קליל אופיס 7500 או ש\"ע.
יחידת הורים יוקרתית עם מרפסת פרטית.
מערכת חשמל חכמה.

<strong>מטבח</strong>
מטבחי יוקרתי משולב אי ומזווה
משטח מטבח- אבן קיסר במספר גוונים לבחירה
כיור מטבח בהתקנה שטוחה
ברזים יוקרתיים מבית HANSGROHE או ש\"ע.

<strong>חדרי רחצה</strong>
ריצוף וחיפוי גרניט פורצלן במספר גוונים
אסלות תלויות עם מיכלי הדחה סמויים
ארונות אמבטיה מעוצבים
ברזים יוקרתיים תוצרת HANSGROHE או ש\"ע חיפוי קרמיקה בחדרי רחצה ומרפסות
חדר כביסה כולל מסתור
חימום תת רצפתי

<strong>כללי</strong>
תריסים חשמליים ורשתות בכל החדרים
חשמל תלת פאזי
חניות פרטיות לכל דירה (חניה מקורה או פתוחה)
שער חשמלי בכניסה לחנייה
חיפוי קירות חוץ באבן וטיח אקרילי
נקודות חשמל ומים בחצר הבית
תאורת חוץ

<strong>סה”כ עלות דוקלפס גן
207,000 ש”ח</strong>
    [field_5d8b3a6c41d1b] => kknknknk
)

[30-Sep-2019 13:08:10 UTC] go here2
[30-Sep-2019 13:08:10 UTC] go here2
[30-Sep-2019 13:08:10 UTC] go here2
[30-Sep-2019 13:08:10 UTC] go here2
[30-Sep-2019 13:20:21 UTC] Array
(
    [field_5d8a1067b7964] => Array
        (
            [0] => 160
            [1] => 156
        )

    [field_5d8b3a0a41d19] => Array
        (
            [0] => 162
            [1] => 156
        )

    [field_5d8b3a3541d1a] => <strong>חלל המגורים</strong>
ריצוף גרניט פורצלן ו-או אבן טבעית במבחר גדלים (80X80 / 90X90 /100X100) וגוונים לבחירה.
דלתות פנים מהודרות מעץ איכותי מסדרת פנדור פרימיום או ש\"ע.
דלת כניסה מפוארת מסדרת רב בריח או ש\"ע.
מערכת אינטרקום מתקדמת.
מערכת בקרת אקלים VRF המספקת שליטה מלאה על תנאי האקלים בכל חלל הדירה.
חלונות ענק מפרופיל יוקרתי עם זיגוג כפול בכל הדירה מסדרת קליל נוף ו/או קליל אופיס 7500 או ש\"ע.
יחידת הורים יוקרתית עם מרפסת פרטית.
מערכת חשמל חכמה.

<strong>מטבח</strong>
מטבחי יוקרתי משולב אי ומזווה
משטח מטבח- אבן קיסר במספר גוונים לבחירה
כיור מטבח בהתקנה שטוחה
ברזים יוקרתיים מבית HANSGROHE או ש\"ע.

<strong>חדרי רחצה</strong>
ריצוף וחיפוי גרניט פורצלן במספר גוונים
אסלות תלויות עם מיכלי הדחה סמויים
ארונות אמבטיה מעוצבים
ברזים יוקרתיים תוצרת HANSGROHE או ש\"ע חיפוי קרמיקה בחדרי רחצה ומרפסות
חדר כביסה כולל מסתור
חימום תת רצפתי

<strong>כללי</strong>
תריסים חשמליים ורשתות בכל החדרים
חשמל תלת פאזי
חניות פרטיות לכל דירה (חניה מקורה או פתוחה)
שער חשמלי בכניסה לחנייה
חיפוי קירות חוץ באבן וטיח אקרילי
נקודות חשמל ומים בחצר הבית
תאורת חוץ

<strong>סה”כ עלות דוקלפס גן
207,000 ש”ח</strong>
    [field_5d8b3a6c41d1b] => 
)

[30-Sep-2019 13:20:21 UTC] go here2
[30-Sep-2019 13:20:21 UTC] go here2
[30-Sep-2019 13:20:21 UTC] go here2
[30-Sep-2019 13:20:21 UTC] go here2
[30-Sep-2019 13:22:05 UTC] Array
(
    [2] => Array
        (
            [field_5d8b3a6c41d1b] => Array
                (
                    [5d920172b16c7] => Array
                        (
                            [field_5d920125bead2] => werty
                        )

                    [5d920177b16c8] => Array
                        (
                            [field_5d920125bead2] => qwertyui
                        )

                )

        )

    [field_5d8a1067b7964] => Array
        (
            [0] => 160
            [1] => 156
        )

    [field_5d8b3a0a41d19] => Array
        (
            [0] => 162
            [1] => 156
        )

    [field_5d8b3a3541d1a] => <strong>חלל המגורים</strong>
ריצוף גרניט פורצלן ו-או אבן טבעית במבחר גדלים (80X80 / 90X90 /100X100) וגוונים לבחירה.
דלתות פנים מהודרות מעץ איכותי מסדרת פנדור פרימיום או ש\"ע.
דלת כניסה מפוארת מסדרת רב בריח או ש\"ע.
מערכת אינטרקום מתקדמת.
מערכת בקרת אקלים VRF המספקת שליטה מלאה על תנאי האקלים בכל חלל הדירה.
חלונות ענק מפרופיל יוקרתי עם זיגוג כפול בכל הדירה מסדרת קליל נוף ו/או קליל אופיס 7500 או ש\"ע.
יחידת הורים יוקרתית עם מרפסת פרטית.
מערכת חשמל חכמה.

<strong>מטבח</strong>
מטבחי יוקרתי משולב אי ומזווה
משטח מטבח- אבן קיסר במספר גוונים לבחירה
כיור מטבח בהתקנה שטוחה
ברזים יוקרתיים מבית HANSGROHE או ש\"ע.

<strong>חדרי רחצה</strong>
ריצוף וחיפוי גרניט פורצלן במספר גוונים
אסלות תלויות עם מיכלי הדחה סמויים
ארונות אמבטיה מעוצבים
ברזים יוקרתיים תוצרת HANSGROHE או ש\"ע חיפוי קרמיקה בחדרי רחצה ומרפסות
חדר כביסה כולל מסתור
חימום תת רצפתי

<strong>כללי</strong>
תריסים חשמליים ורשתות בכל החדרים
חשמל תלת פאזי
חניות פרטיות לכל דירה (חניה מקורה או פתוחה)
שער חשמלי בכניסה לחנייה
חיפוי קירות חוץ באבן וטיח אקרילי
נקודות חשמל ומים בחצר הבית
תאורת חוץ

<strong>סה”כ עלות דוקלפס גן
207,000 ש”ח</strong>
    [field_5d8b3a6c41d1b] => 
)

[30-Sep-2019 13:22:05 UTC] go here
[30-Sep-2019 13:22:05 UTC] 1
[30-Sep-2019 13:22:05 UTC] go here2
[30-Sep-2019 13:22:05 UTC] go here2
[30-Sep-2019 13:22:05 UTC] go here2
[30-Sep-2019 13:22:05 UTC] go here2
[30-Sep-2019 13:22:23 UTC] Array
(
    [2] => Array
        (
            [field_5d8b3a6c41d1b] => Array
                (
                    [5d920189b16c9] => Array
                        (
                            [field_5d920125bead2] => qwerty
                        )

                    [5d92018cb16ca] => Array
                        (
                            [field_5d920125bead2] => qwert
                        )

                )

        )

    [field_5d8a1067b7964] => Array
        (
            [0] => 160
            [1] => 156
        )

    [field_5d8b3a0a41d19] => Array
        (
            [0] => 162
            [1] => 156
        )

    [field_5d8b3a3541d1a] => <strong>חלל המגורים</strong>
ריצוף גרניט פורצלן ו-או אבן טבעית במבחר גדלים (80X80 / 90X90 /100X100) וגוונים לבחירה.
דלתות פנים מהודרות מעץ איכותי מסדרת פנדור פרימיום או ש\"ע.
דלת כניסה מפוארת מסדרת רב בריח או ש\"ע.
מערכת אינטרקום מתקדמת.
מערכת בקרת אקלים VRF המספקת שליטה מלאה על תנאי האקלים בכל חלל הדירה.
חלונות ענק מפרופיל יוקרתי עם זיגוג כפול בכל הדירה מסדרת קליל נוף ו/או קליל אופיס 7500 או ש\"ע.
יחידת הורים יוקרתית עם מרפסת פרטית.
מערכת חשמל חכמה.

<strong>מטבח</strong>
מטבחי יוקרתי משולב אי ומזווה
משטח מטבח- אבן קיסר במספר גוונים לבחירה
כיור מטבח בהתקנה שטוחה
ברזים יוקרתיים מבית HANSGROHE או ש\"ע.

<strong>חדרי רחצה</strong>
ריצוף וחיפוי גרניט פורצלן במספר גוונים
אסלות תלויות עם מיכלי הדחה סמויים
ארונות אמבטיה מעוצבים
ברזים יוקרתיים תוצרת HANSGROHE או ש\"ע חיפוי קרמיקה בחדרי רחצה ומרפסות
חדר כביסה כולל מסתור
חימום תת רצפתי

<strong>כללי</strong>
תריסים חשמליים ורשתות בכל החדרים
חשמל תלת פאזי
חניות פרטיות לכל דירה (חניה מקורה או פתוחה)
שער חשמלי בכניסה לחנייה
חיפוי קירות חוץ באבן וטיח אקרילי
נקודות חשמל ומים בחצר הבית
תאורת חוץ

<strong>סה”כ עלות דוקלפס גן
207,000 ש”ח</strong>
    [field_5d8b3a6c41d1b] => 
)

[30-Sep-2019 13:22:23 UTC] go here
[30-Sep-2019 13:22:23 UTC] 1
[30-Sep-2019 13:22:23 UTC] go here2
[30-Sep-2019 13:22:23 UTC] go here2
[30-Sep-2019 13:22:23 UTC] go here2
[30-Sep-2019 13:22:23 UTC] go here2
[30-Sep-2019 13:22:44 UTC] Array
(
    [2] => Array
        (
            [field_5d8b3a6c41d1b] => Array
                (
                    [5d920197b16cb] => Array
                        (
                            [field_5d920125bead2] => qwerty
                        )

                    [5d92019ab16cc] => Array
                        (
                            [field_5d920125bead2] => qwerty111
                        )

                )

        )

    [field_5d8a1067b7964] => Array
        (
            [0] => 160
            [1] => 156
        )

    [field_5d8b3a0a41d19] => Array
        (
            [0] => 162
            [1] => 156
        )

    [field_5d8b3a3541d1a] => <strong>חלל המגורים</strong>
ריצוף גרניט פורצלן ו-או אבן טבעית במבחר גדלים (80X80 / 90X90 /100X100) וגוונים לבחירה.
דלתות פנים מהודרות מעץ איכותי מסדרת פנדור פרימיום או ש\"ע.
דלת כניסה מפוארת מסדרת רב בריח או ש\"ע.
מערכת אינטרקום מתקדמת.
מערכת בקרת אקלים VRF המספקת שליטה מלאה על תנאי האקלים בכל חלל הדירה.
חלונות ענק מפרופיל יוקרתי עם זיגוג כפול בכל הדירה מסדרת קליל נוף ו/או קליל אופיס 7500 או ש\"ע.
יחידת הורים יוקרתית עם מרפסת פרטית.
מערכת חשמל חכמה.

<strong>מטבח</strong>
מטבחי יוקרתי משולב אי ומזווה
משטח מטבח- אבן קיסר במספר גוונים לבחירה
כיור מטבח בהתקנה שטוחה
ברזים יוקרתיים מבית HANSGROHE או ש\"ע.

<strong>חדרי רחצה</strong>
ריצוף וחיפוי גרניט פורצלן במספר גוונים
אסלות תלויות עם מיכלי הדחה סמויים
ארונות אמבטיה מעוצבים
ברזים יוקרתיים תוצרת HANSGROHE או ש\"ע חיפוי קרמיקה בחדרי רחצה ומרפסות
חדר כביסה כולל מסתור
חימום תת רצפתי

<strong>כללי</strong>
תריסים חשמליים ורשתות בכל החדרים
חשמל תלת פאזי
חניות פרטיות לכל דירה (חניה מקורה או פתוחה)
שער חשמלי בכניסה לחנייה
חיפוי קירות חוץ באבן וטיח אקרילי
נקודות חשמל ומים בחצר הבית
תאורת חוץ

<strong>סה”כ עלות דוקלפס גן
207,000 ש”ח</strong>
    [field_5d8b3a6c41d1b] => 
)

[30-Sep-2019 13:22:44 UTC] go here
[30-Sep-2019 13:22:44 UTC] 1
[30-Sep-2019 13:22:44 UTC] go here2
[30-Sep-2019 13:22:44 UTC] go here2
[30-Sep-2019 13:22:44 UTC] go here2
[30-Sep-2019 13:22:44 UTC] go here2
[30-Sep-2019 13:22:44 UTC] Array
(
    [2] => Array
        (
            [field_5d8b3a6c41d1b] => Array
                (
                    [5d920197b16cb] => Array
                        (
                            [field_5d920125bead2] => qwerty
                        )

                    [5d92019ab16cc] => Array
                        (
                            [field_5d920125bead2] => qwerty111
                        )

                )

        )

    [field_5d8a1067b7964] => Array
        (
            [0] => 160
            [1] => 156
        )

    [field_5d8b3a0a41d19] => Array
        (
            [0] => 162
            [1] => 156
        )

    [field_5d8b3a3541d1a] => <strong>חלל המגורים</strong>
ריצוף גרניט פורצלן ו-או אבן טבעית במבחר גדלים (80X80 / 90X90 /100X100) וגוונים לבחירה.
דלתות פנים מהודרות מעץ איכותי מסדרת פנדור פרימיום או ש\"ע.
דלת כניסה מפוארת מסדרת רב בריח או ש\"ע.
מערכת אינטרקום מתקדמת.
מערכת בקרת אקלים VRF המספקת שליטה מלאה על תנאי האקלים בכל חלל הדירה.
חלונות ענק מפרופיל יוקרתי עם זיגוג כפול בכל הדירה מסדרת קליל נוף ו/או קליל אופיס 7500 או ש\"ע.
יחידת הורים יוקרתית עם מרפסת פרטית.
מערכת חשמל חכמה.

<strong>מטבח</strong>
מטבחי יוקרתי משולב אי ומזווה
משטח מטבח- אבן קיסר במספר גוונים לבחירה
כיור מטבח בהתקנה שטוחה
ברזים יוקרתיים מבית HANSGROHE או ש\"ע.

<strong>חדרי רחצה</strong>
ריצוף וחיפוי גרניט פורצלן במספר גוונים
אסלות תלויות עם מיכלי הדחה סמויים
ארונות אמבטיה מעוצבים
ברזים יוקרתיים תוצרת HANSGROHE או ש\"ע חיפוי קרמיקה בחדרי רחצה ומרפסות
חדר כביסה כולל מסתור
חימום תת רצפתי

<strong>כללי</strong>
תריסים חשמליים ורשתות בכל החדרים
חשמל תלת פאזי
חניות פרטיות לכל דירה (חניה מקורה או פתוחה)
שער חשמלי בכניסה לחנייה
חיפוי קירות חוץ באבן וטיח אקרילי
נקודות חשמל ומים בחצר הבית
תאורת חוץ

<strong>סה”כ עלות דוקלפס גן
207,000 ש”ח</strong>
    [field_5d8b3a6c41d1b] => 
)

[30-Sep-2019 13:22:44 UTC] go here
[30-Sep-2019 13:22:44 UTC] 1
[30-Sep-2019 13:22:44 UTC] go here2
[30-Sep-2019 13:22:44 UTC] go here2
[30-Sep-2019 13:22:44 UTC] go here2
[30-Sep-2019 13:22:44 UTC] go here2
[30-Sep-2019 13:23:13 UTC] Array
(
    [2] => Array
        (
            [field_5d8b3a6c41d1b] => Array
                (
                    [5d9201b61187a] => Array
                        (
                            [field_5d920125bead2] => dszfzsdfsfd
                        )

                )

        )

    [field_5d8a1067b7964] => Array
        (
            [0] => 160
            [1] => 156
        )

    [field_5d8b3a0a41d19] => Array
        (
            [0] => 162
            [1] => 156
        )

    [field_5d8b3a3541d1a] => <strong>חלל המגורים</strong>
ריצוף גרניט פורצלן ו-או אבן טבעית במבחר גדלים (80X80 / 90X90 /100X100) וגוונים לבחירה.
דלתות פנים מהודרות מעץ איכותי מסדרת פנדור פרימיום או ש\"ע.
דלת כניסה מפוארת מסדרת רב בריח או ש\"ע.
מערכת אינטרקום מתקדמת.
מערכת בקרת אקלים VRF המספקת שליטה מלאה על תנאי האקלים בכל חלל הדירה.
חלונות ענק מפרופיל יוקרתי עם זיגוג כפול בכל הדירה מסדרת קליל נוף ו/או קליל אופיס 7500 או ש\"ע.
יחידת הורים יוקרתית עם מרפסת פרטית.
מערכת חשמל חכמה.

<strong>מטבח</strong>
מטבחי יוקרתי משולב אי ומזווה
משטח מטבח- אבן קיסר במספר גוונים לבחירה
כיור מטבח בהתקנה שטוחה
ברזים יוקרתיים מבית HANSGROHE או ש\"ע.

<strong>חדרי רחצה</strong>
ריצוף וחיפוי גרניט פורצלן במספר גוונים
אסלות תלויות עם מיכלי הדחה סמויים
ארונות אמבטיה מעוצבים
ברזים יוקרתיים תוצרת HANSGROHE או ש\"ע חיפוי קרמיקה בחדרי רחצה ומרפסות
חדר כביסה כולל מסתור
חימום תת רצפתי

<strong>כללי</strong>
תריסים חשמליים ורשתות בכל החדרים
חשמל תלת פאזי
חניות פרטיות לכל דירה (חניה מקורה או פתוחה)
שער חשמלי בכניסה לחנייה
חיפוי קירות חוץ באבן וטיח אקרילי
נקודות חשמל ומים בחצר הבית
תאורת חוץ

<strong>סה”כ עלות דוקלפס גן
207,000 ש”ח</strong>
    [field_5d8b3a6c41d1b] => 
)

[30-Sep-2019 13:23:13 UTC] go here
[30-Sep-2019 13:23:13 UTC] 1
[30-Sep-2019 13:23:13 UTC] go here2
[30-Sep-2019 13:23:13 UTC] go here2
[30-Sep-2019 13:23:13 UTC] go here2
[30-Sep-2019 13:23:13 UTC] go here2
[30-Sep-2019 13:23:13 UTC] Array
(
    [2] => Array
        (
            [field_5d8b3a6c41d1b] => Array
                (
                    [5d9201b61187a] => Array
                        (
                            [field_5d920125bead2] => dszfzsdfsfd
                        )

                )

        )

    [field_5d8a1067b7964] => Array
        (
            [0] => 160
            [1] => 156
        )

    [field_5d8b3a0a41d19] => Array
        (
            [0] => 162
            [1] => 156
        )

    [field_5d8b3a3541d1a] => <strong>חלל המגורים</strong>
ריצוף גרניט פורצלן ו-או אבן טבעית במבחר גדלים (80X80 / 90X90 /100X100) וגוונים לבחירה.
דלתות פנים מהודרות מעץ איכותי מסדרת פנדור פרימיום או ש\"ע.
דלת כניסה מפוארת מסדרת רב בריח או ש\"ע.
מערכת אינטרקום מתקדמת.
מערכת בקרת אקלים VRF המספקת שליטה מלאה על תנאי האקלים בכל חלל הדירה.
חלונות ענק מפרופיל יוקרתי עם זיגוג כפול בכל הדירה מסדרת קליל נוף ו/או קליל אופיס 7500 או ש\"ע.
יחידת הורים יוקרתית עם מרפסת פרטית.
מערכת חשמל חכמה.

<strong>מטבח</strong>
מטבחי יוקרתי משולב אי ומזווה
משטח מטבח- אבן קיסר במספר גוונים לבחירה
כיור מטבח בהתקנה שטוחה
ברזים יוקרתיים מבית HANSGROHE או ש\"ע.

<strong>חדרי רחצה</strong>
ריצוף וחיפוי גרניט פורצלן במספר גוונים
אסלות תלויות עם מיכלי הדחה סמויים
ארונות אמבטיה מעוצבים
ברזים יוקרתיים תוצרת HANSGROHE או ש\"ע חיפוי קרמיקה בחדרי רחצה ומרפסות
חדר כביסה כולל מסתור
חימום תת רצפתי

<strong>כללי</strong>
תריסים חשמליים ורשתות בכל החדרים
חשמל תלת פאזי
חניות פרטיות לכל דירה (חניה מקורה או פתוחה)
שער חשמלי בכניסה לחנייה
חיפוי קירות חוץ באבן וטיח אקרילי
נקודות חשמל ומים בחצר הבית
תאורת חוץ

<strong>סה”כ עלות דוקלפס גן
207,000 ש”ח</strong>
    [field_5d8b3a6c41d1b] => 
)

[30-Sep-2019 13:23:13 UTC] go here
[30-Sep-2019 13:23:13 UTC] 1
[30-Sep-2019 13:23:13 UTC] go here2
[30-Sep-2019 13:23:13 UTC] go here2
[30-Sep-2019 13:23:13 UTC] go here2
[30-Sep-2019 13:23:13 UTC] go here2
[30-Sep-2019 13:31:52 UTC] Array
(
    [2] => Array
        (
            [field_5d8b3a6c41d1b] => Array
                (
                    [5d9203c39501c] => Array
                        (
                            [field_5d920125bead2] => fsdaff
                        )

                )

        )

    [field_5d8a1067b7964] => Array
        (
            [0] => 160
            [1] => 156
        )

    [field_5d8b3a0a41d19] => Array
        (
            [0] => 162
            [1] => 156
        )

    [field_5d8b3a3541d1a] => <strong>חלל המגורים</strong>
ריצוף גרניט פורצלן ו-או אבן טבעית במבחר גדלים (80X80 / 90X90 /100X100) וגוונים לבחירה.
דלתות פנים מהודרות מעץ איכותי מסדרת פנדור פרימיום או ש\"ע.
דלת כניסה מפוארת מסדרת רב בריח או ש\"ע.
מערכת אינטרקום מתקדמת.
מערכת בקרת אקלים VRF המספקת שליטה מלאה על תנאי האקלים בכל חלל הדירה.
חלונות ענק מפרופיל יוקרתי עם זיגוג כפול בכל הדירה מסדרת קליל נוף ו/או קליל אופיס 7500 או ש\"ע.
יחידת הורים יוקרתית עם מרפסת פרטית.
מערכת חשמל חכמה.

<strong>מטבח</strong>
מטבחי יוקרתי משולב אי ומזווה
משטח מטבח- אבן קיסר במספר גוונים לבחירה
כיור מטבח בהתקנה שטוחה
ברזים יוקרתיים מבית HANSGROHE או ש\"ע.

<strong>חדרי רחצה</strong>
ריצוף וחיפוי גרניט פורצלן במספר גוונים
אסלות תלויות עם מיכלי הדחה סמויים
ארונות אמבטיה מעוצבים
ברזים יוקרתיים תוצרת HANSGROHE או ש\"ע חיפוי קרמיקה בחדרי רחצה ומרפסות
חדר כביסה כולל מסתור
חימום תת רצפתי

<strong>כללי</strong>
תריסים חשמליים ורשתות בכל החדרים
חשמל תלת פאזי
חניות פרטיות לכל דירה (חניה מקורה או פתוחה)
שער חשמלי בכניסה לחנייה
חיפוי קירות חוץ באבן וטיח אקרילי
נקודות חשמל ומים בחצר הבית
תאורת חוץ

<strong>סה”כ עלות דוקלפס גן
207,000 ש”ח</strong>
    [field_5d8b3a6c41d1b] => 
)

[30-Sep-2019 13:31:52 UTC] go here
[30-Sep-2019 13:31:52 UTC] 1
[30-Sep-2019 13:31:52 UTC] go here2
[30-Sep-2019 13:31:52 UTC] go here2
[30-Sep-2019 13:31:52 UTC] go here2
[30-Sep-2019 13:31:52 UTC] go here2
[01-Oct-2019 05:53:44 UTC] PHP Warning:  Invalid argument supplied for foreach() in /Users/a.skuropatov/sites/gsg.test/wp-content/themes/gsgsite/inc/ajax/get-flat-tab-content.php on line 70
[01-Oct-2019 05:55:54 UTC] PHP Notice:  Undefined variable: field2 in /Users/a.skuropatov/sites/gsg.test/wp-content/themes/gsgsite/inc/ajax/get-flat-tab-content.php on line 71
[01-Oct-2019 05:55:54 UTC] PHP Warning:  Invalid argument supplied for foreach() in /Users/a.skuropatov/sites/gsg.test/wp-content/themes/gsgsite/inc/ajax/get-flat-tab-content.php on line 71
