2019-10-02T12:21:32+00:00 CRITICAL Uncaught InvalidArgumentException: Argument ID must be numeric and greater than 0. in X:\Work\OSPanel\domains\gsg.coelix.live\wp-content\plugins\sitepress-multilingual-cms\classes\translations\class-wpml-translation-element.php:28
Stack trace:
#0 X:\Work\OSPanel\domains\gsg.coelix.live\wp-content\plugins\sitepress-multilingual-cms\classes\translations\class-wpml-translation-element-factory.php(35): WPML_Translation_Element->__construct(0, Object(SitePress), NULL)
#1 X:\Work\OSPanel\domains\gsg.coelix.live\wp-content\plugins\wpml-translation-management\classes\words-count\hooks\wpml-tm-word-count-refresh-hooks.php(39): WPML_Translation_Element_Factory->create(0, 'post')
#2 X:\Work\OSPanel\domains\gsg.coelix.live\wp-includes\class-wp-hook.php(288): WPML_TM_Word_Count_Refresh_Hooks->refresh_post_word_count(0)
#3 X:\Work\OSPanel\domains\gsg.coelix.live\wp-includes\class-wp-hook.php(310): WP_Hook->apply_filters(NULL, Array)
#4 X:\Work\OSPanel\domains\gsg.coelix.live\wp-includes\plugin.php(465): WP_Hook->do_action( in X:\Work\OSPanel\domains\gsg.coelix.live\wp-content\plugins\sitepress-multilingual-cms\classes\translations\class-wpml-translation-element.php on line 28

2019-10-02T16:17:45+00:00 CRITICAL Uncaught Error: Call to a member function get_id() on boolean in X:\Work\OSPanel\domains\gsg.coelix.live\wp-content\plugins\woocommerce-multilingual\inc\translation-editor\class-wcml-wc-admin-duplicate-product.php:28
Stack trace:
#0 X:\Work\OSPanel\domains\gsg.coelix.live\wp-includes\class-wp-hook.php(286): WCML_WC_Admin_Duplicate_Product->woocommerce_duplicate_product(false, Object(WC_Product_Variable))
#1 X:\Work\OSPanel\domains\gsg.coelix.live\wp-includes\class-wp-hook.php(310): WP_Hook->apply_filters('', Array)
#2 X:\Work\OSPanel\domains\gsg.coelix.live\wp-includes\plugin.php(465): WP_Hook->do_action(Array)
#3 X:\Work\OSPanel\domains\gsg.coelix.live\wp-content\plugins\woocommerce\includes\admin\class-wc-admin-duplicate-product.php(120): do_action('woocommerce_pro...', false, Object(WC_Product_Variable))
#4 X:\Work\OSPanel\domains\gsg.coelix.live\wp-includes\class-wp-hook.php(286): WC_Admin_Duplicate_Product->duplicate_product_action('')
#5 X:\Work\OSPanel\domains\gsg.coelix.live\wp-includes\class-wp-hook. in X:\Work\OSPanel\domains\gsg.coelix.live\wp-content\plugins\woocommerce-multilingual\inc\translation-editor\class-wcml-wc-admin-duplicate-product.php on line 28

2019-10-02T16:25:29+00:00 CRITICAL Uncaught InvalidArgumentException: Unknown column: translation_id or invalid id: s:1:"0"; in X:\Work\OSPanel\domains\gsg.coelix.live\wp-content\plugins\wpml-translation-management\classes\records\class-wpml-tm-icl-translations.php:45
Stack trace:
#0 X:\Work\OSPanel\domains\gsg.coelix.live\wp-content\plugins\wpml-translation-management\classes\records\class-wpml-tm-records.php(119): WPML_TM_ICL_Translations->__construct(Object(WPML_TM_Records), '0')
#1 X:\Work\OSPanel\domains\gsg.coelix.live\wp-content\plugins\wpml-translation-management\classes\records\class-wpml-tm-icl-translations.php(89): WPML_TM_Records->icl_translations_by_translation_id('0')
#2 X:\Work\OSPanel\domains\gsg.coelix.live\wp-content\plugins\wpml-translation-management\classes\filters\class-wpml-tm-translation-status.php(78): WPML_TM_ICL_Translations->translations()
#3 X:\Work\OSPanel\domains\gsg.coelix.live\wp-content\plugins\wpml-translation-management\classes\filters\class-wpml-tm-translation-status.php(48): WPML_TM_Translation_Status->is_ in X:\Work\OSPanel\domains\gsg.coelix.live\wp-content\plugins\wpml-translation-management\classes\records\class-wpml-tm-icl-translations.php on line 45

2019-10-02T16:25:42+00:00 CRITICAL Uncaught InvalidArgumentException: Unknown column: translation_id or invalid id: s:1:"0"; in X:\Work\OSPanel\domains\gsg.coelix.live\wp-content\plugins\wpml-translation-management\classes\records\class-wpml-tm-icl-translations.php:45
Stack trace:
#0 X:\Work\OSPanel\domains\gsg.coelix.live\wp-content\plugins\wpml-translation-management\classes\records\class-wpml-tm-records.php(119): WPML_TM_ICL_Translations->__construct(Object(WPML_TM_Records), '0')
#1 X:\Work\OSPanel\domains\gsg.coelix.live\wp-content\plugins\wpml-translation-management\classes\records\class-wpml-tm-icl-translations.php(89): WPML_TM_Records->icl_translations_by_translation_id('0')
#2 X:\Work\OSPanel\domains\gsg.coelix.live\wp-content\plugins\wpml-translation-management\classes\filters\class-wpml-tm-translation-status.php(78): WPML_TM_ICL_Translations->translations()
#3 X:\Work\OSPanel\domains\gsg.coelix.live\wp-content\plugins\wpml-translation-management\classes\filters\class-wpml-tm-translation-status.php(48): WPML_TM_Translation_Status->is_ in X:\Work\OSPanel\domains\gsg.coelix.live\wp-content\plugins\wpml-translation-management\classes\records\class-wpml-tm-icl-translations.php on line 45

2019-10-02T16:27:14+00:00 CRITICAL Uncaught InvalidArgumentException: Unknown column: translation_id or invalid id: s:1:"0"; in X:\Work\OSPanel\domains\gsg.coelix.live\wp-content\plugins\wpml-translation-management\classes\records\class-wpml-tm-icl-translations.php:45
Stack trace:
#0 X:\Work\OSPanel\domains\gsg.coelix.live\wp-content\plugins\wpml-translation-management\classes\records\class-wpml-tm-records.php(119): WPML_TM_ICL_Translations->__construct(Object(WPML_TM_Records), '0')
#1 X:\Work\OSPanel\domains\gsg.coelix.live\wp-content\plugins\wpml-translation-management\classes\records\class-wpml-tm-icl-translations.php(89): WPML_TM_Records->icl_translations_by_translation_id('0')
#2 X:\Work\OSPanel\domains\gsg.coelix.live\wp-content\plugins\wpml-translation-management\classes\filters\class-wpml-tm-translation-status.php(78): WPML_TM_ICL_Translations->translations()
#3 X:\Work\OSPanel\domains\gsg.coelix.live\wp-content\plugins\wpml-translation-management\classes\filters\class-wpml-tm-translation-status.php(48): WPML_TM_Translation_Status->is_ in X:\Work\OSPanel\domains\gsg.coelix.live\wp-content\plugins\wpml-translation-management\classes\records\class-wpml-tm-icl-translations.php on line 45

2019-10-02T16:29:49+00:00 CRITICAL Uncaught InvalidArgumentException: Unknown column: translation_id or invalid id: s:1:"0"; in X:\Work\OSPanel\domains\gsg.coelix.live\wp-content\plugins\wpml-translation-management\classes\records\class-wpml-tm-icl-translations.php:45
Stack trace:
#0 X:\Work\OSPanel\domains\gsg.coelix.live\wp-content\plugins\wpml-translation-management\classes\records\class-wpml-tm-records.php(119): WPML_TM_ICL_Translations->__construct(Object(WPML_TM_Records), '0')
#1 X:\Work\OSPanel\domains\gsg.coelix.live\wp-content\plugins\wpml-translation-management\classes\records\class-wpml-tm-icl-translations.php(89): WPML_TM_Records->icl_translations_by_translation_id('0')
#2 X:\Work\OSPanel\domains\gsg.coelix.live\wp-content\plugins\wpml-translation-management\classes\filters\class-wpml-tm-translation-status.php(78): WPML_TM_ICL_Translations->translations()
#3 X:\Work\OSPanel\domains\gsg.coelix.live\wp-content\plugins\wpml-translation-management\classes\filters\class-wpml-tm-translation-status.php(48): WPML_TM_Translation_Status->is_ in X:\Work\OSPanel\domains\gsg.coelix.live\wp-content\plugins\wpml-translation-management\classes\records\class-wpml-tm-icl-translations.php on line 45

2019-10-02T16:31:09+00:00 CRITICAL Uncaught InvalidArgumentException: Unknown column: translation_id or invalid id: s:1:"0"; in X:\Work\OSPanel\domains\gsg.coelix.live\wp-content\plugins\wpml-translation-management\classes\records\class-wpml-tm-icl-translations.php:45
Stack trace:
#0 X:\Work\OSPanel\domains\gsg.coelix.live\wp-content\plugins\wpml-translation-management\classes\records\class-wpml-tm-records.php(119): WPML_TM_ICL_Translations->__construct(Object(WPML_TM_Records), '0')
#1 X:\Work\OSPanel\domains\gsg.coelix.live\wp-content\plugins\wpml-translation-management\classes\records\class-wpml-tm-icl-translations.php(89): WPML_TM_Records->icl_translations_by_translation_id('0')
#2 X:\Work\OSPanel\domains\gsg.coelix.live\wp-content\plugins\wpml-translation-management\classes\filters\class-wpml-tm-translation-status.php(78): WPML_TM_ICL_Translations->translations()
#3 X:\Work\OSPanel\domains\gsg.coelix.live\wp-content\plugins\wpml-translation-management\classes\filters\class-wpml-tm-translation-status.php(48): WPML_TM_Translation_Status->is_ in X:\Work\OSPanel\domains\gsg.coelix.live\wp-content\plugins\wpml-translation-management\classes\records\class-wpml-tm-icl-translations.php on line 45

