2019-10-07T09:33:57+00:00 CRITICAL syntax error, unexpected 'else' (T_ELSE), expecting end of file in C:\OSPanel\domains\gsg.com\wp-content\themes\gsgsite\archive.php on line 82

2019-10-07T09:35:12+00:00 CRITICAL Uncaught Error: Call to undefined function twentyfourteen_paging_nav() in C:\OSPanel\domains\gsg.com\wp-content\themes\gsgsite\archive.php:81
Stack trace:
#0 C:\OSPanel\domains\gsg.com\wp-includes\template-loader.php(78): include()
#1 C:\OSPanel\domains\gsg.com\wp-blog-header.php(19): require_once('C:\\OSPanel\\doma...')
#2 C:\OSPanel\domains\gsg.com\index.php(17): require('C:\\OSPanel\\doma...')
#3 {main}
  thrown in C:\OSPanel\domains\gsg.com\wp-content\themes\gsgsite\archive.php on line 81

2019-10-07T10:03:30+00:00 CRITICAL Uncaught Error: Call to a member function have_posts() on array in C:\OSPanel\domains\gsg.com\wp-content\themes\gsgsite\templates\Blog.php:39
Stack trace:
#0 C:\OSPanel\domains\gsg.com\wp-includes\template-loader.php(78): include()
#1 C:\OSPanel\domains\gsg.com\wp-blog-header.php(19): require_once('C:\\OSPanel\\doma...')
#2 C:\OSPanel\domains\gsg.com\index.php(17): require('C:\\OSPanel\\doma...')
#3 {main}
  thrown in C:\OSPanel\domains\gsg.com\wp-content\themes\gsgsite\templates\Blog.php on line 39

2019-10-07T10:05:42+00:00 CRITICAL Uncaught Error: Call to undefined function setup_post_data() in C:\OSPanel\domains\gsg.com\wp-content\themes\gsgsite\templates\Blog.php:41
Stack trace:
#0 C:\OSPanel\domains\gsg.com\wp-includes\template-loader.php(78): include()
#1 C:\OSPanel\domains\gsg.com\wp-blog-header.php(19): require_once('C:\\OSPanel\\doma...')
#2 C:\OSPanel\domains\gsg.com\index.php(17): require('C:\\OSPanel\\doma...')
#3 {main}
  thrown in C:\OSPanel\domains\gsg.com\wp-content\themes\gsgsite\templates\Blog.php on line 41

