2019-10-11T06:29:24+00:00 CRITICAL Maximum execution time of 120 seconds exceeded in C:\wamp64\www\gsg.coelix.live\wp-includes\functions.php on line 463

2019-10-11T06:40:56+00:00 CRITICAL Object of class WP_Error could not be converted to string in C:\wamp64\www\gsg.coelix.live\wp-admin\includes\class-wp-terms-list-table.php on line 487

2019-10-11T07:01:29+00:00 CRITICAL Uncaught RuntimeException: Error saving action: Unable to save action. in C:\wamp64\www\gsg.coelix.live\wp-content\plugins\woocommerce\includes\libraries\action-scheduler\classes\ActionScheduler_wpPostStore.php:33
Stack trace:
#0 C:\wamp64\www\gsg.coelix.live\wp-content\plugins\woocommerce\includes\libraries\action-scheduler\classes\ActionScheduler_ActionFactory.php(109): ActionScheduler_wpPostStore->save_action(Object(ActionScheduler_Action))
#1 C:\wamp64\www\gsg.coelix.live\wp-content\plugins\woocommerce\includes\libraries\action-scheduler\classes\ActionScheduler_ActionFactory.php(59): ActionScheduler_ActionFactory->store(Object(ActionScheduler_Action))
#2 C:\wamp64\www\gsg.coelix.live\wp-content\plugins\woocommerce\includes\libraries\action-scheduler\functions.php(18): ActionScheduler_ActionFactory->single('woocommerce_upd...', Array, 1570777289, '')
#3 C:\wamp64\www\gsg.coelix.live\wp-content\plugins\woocommerce\includes\queue\class-wc-action-queue.php(44): as_schedule_single_action(1570777289, 'woocommer in C:\wamp64\www\gsg.coelix.live\wp-content\plugins\woocommerce\includes\libraries\action-scheduler\classes\ActionScheduler_wpPostStore.php on line 33

2019-10-11T07:02:14+00:00 CRITICAL Uncaught RuntimeException: Error saving action: Unable to save action. in C:\wamp64\www\gsg.coelix.live\wp-content\plugins\woocommerce\includes\libraries\action-scheduler\classes\ActionScheduler_wpPostStore.php:33
Stack trace:
#0 C:\wamp64\www\gsg.coelix.live\wp-content\plugins\woocommerce\includes\libraries\action-scheduler\classes\ActionScheduler_ActionFactory.php(109): ActionScheduler_wpPostStore->save_action(Object(ActionScheduler_Action))
#1 C:\wamp64\www\gsg.coelix.live\wp-content\plugins\woocommerce\includes\libraries\action-scheduler\classes\ActionScheduler_ActionFactory.php(59): ActionScheduler_ActionFactory->store(Object(ActionScheduler_Action))
#2 C:\wamp64\www\gsg.coelix.live\wp-content\plugins\woocommerce\includes\libraries\action-scheduler\functions.php(18): ActionScheduler_ActionFactory->single('woocommerce_upd...', Array, 1570777334, '')
#3 C:\wamp64\www\gsg.coelix.live\wp-content\plugins\woocommerce\includes\queue\class-wc-action-queue.php(44): as_schedule_single_action(1570777334, 'woocommer in C:\wamp64\www\gsg.coelix.live\wp-content\plugins\woocommerce\includes\libraries\action-scheduler\classes\ActionScheduler_wpPostStore.php on line 33

2019-10-11T07:14:03+00:00 CRITICAL syntax error, unexpected 'echo' (T_ECHO) בקובץ C:\wamp64\www\gsg.coelix.live\wp-content\themes\gsgsite\header.php בשורה 76

2019-10-11T07:15:06+00:00 CRITICAL syntax error, unexpected 'echo' (T_ECHO) בקובץ C:\wamp64\www\gsg.coelix.live\wp-content\themes\gsgsite\header.php בשורה 76

2019-10-11T08:40:06+00:00 CRITICAL Uncaught RuntimeException: Error saving action: Unable to save action. in C:\wamp64\www\gsg.coelix.live\wp-content\plugins\woocommerce\includes\libraries\action-scheduler\classes\ActionScheduler_wpPostStore.php:33
Stack trace:
#0 C:\wamp64\www\gsg.coelix.live\wp-content\plugins\woocommerce\includes\libraries\action-scheduler\classes\ActionScheduler_ActionFactory.php(109): ActionScheduler_wpPostStore->save_action(Object(ActionScheduler_Action))
#1 C:\wamp64\www\gsg.coelix.live\wp-content\plugins\woocommerce\includes\libraries\action-scheduler\classes\ActionScheduler_ActionFactory.php(59): ActionScheduler_ActionFactory->store(Object(ActionScheduler_Action))
#2 C:\wamp64\www\gsg.coelix.live\wp-content\plugins\woocommerce\includes\libraries\action-scheduler\functions.php(18): ActionScheduler_ActionFactory->single('woocommerce_upd...', Array, 1570783206, '')
#3 C:\wamp64\www\gsg.coelix.live\wp-content\plugins\woocommerce\includes\queue\class-wc-action-queue.php(44): as_schedule_single_action(1570783206, 'woocommer in C:\wamp64\www\gsg.coelix.live\wp-content\plugins\woocommerce\includes\libraries\action-scheduler\classes\ActionScheduler_wpPostStore.php on line 33

