2019-10-14T04:17:43+00:00 CRITICAL Maximum execution time of 120 seconds exceeded in C:\wamp64\www\gsg.coelix.live\wp-content\plugins\wp-smush-pro\core\integrations\abstract-wp-smush-integration.php on line 9

2019-10-14T04:19:09+00:00 CRITICAL Uncaught InvalidArgumentException: Argument ID must be numeric and greater than 0. in C:\wamp64\www\gsg.coelix.live\wp-content\plugins\sitepress-multilingual-cms\classes\translations\class-wpml-translation-element.php:28
Stack trace:
#0 C:\wamp64\www\gsg.coelix.live\wp-content\plugins\sitepress-multilingual-cms\classes\translations\class-wpml-translation-element-factory.php(35): WPML_Translation_Element->__construct(0, Object(SitePress), NULL)
#1 C:\wamp64\www\gsg.coelix.live\wp-content\plugins\wpml-translation-management\classes\words-count\hooks\wpml-tm-word-count-refresh-hooks.php(39): WPML_Translation_Element_Factory->create(0, 'post')
#2 C:\wamp64\www\gsg.coelix.live\wp-includes\class-wp-hook.php(288): WPML_TM_Word_Count_Refresh_Hooks->refresh_post_word_count(0)
#3 C:\wamp64\www\gsg.coelix.live\wp-includes\class-wp-hook.php(310): WP_Hook->apply_filters(NULL, Array)
#4 C:\wamp64\www\gsg.coelix.live\wp-includes\plugin.php(465): WP_Hook->do_action(Array)
#5 C:\wamp64\www\gsg.coelix.live\wp-includes\post.php in C:\wamp64\www\gsg.coelix.live\wp-content\plugins\sitepress-multilingual-cms\classes\translations\class-wpml-translation-element.php on line 28

2019-10-14T04:48:01+00:00 CRITICAL Uncaught RuntimeException: Error saving action: Unable to save action. in C:\wamp64\www\gsg.coelix.live\wp-content\plugins\woocommerce\includes\libraries\action-scheduler\classes\ActionScheduler_wpPostStore.php:33
Stack trace:
#0 C:\wamp64\www\gsg.coelix.live\wp-content\plugins\woocommerce\includes\libraries\action-scheduler\classes\ActionScheduler_ActionFactory.php(109): ActionScheduler_wpPostStore->save_action(Object(ActionScheduler_Action))
#1 C:\wamp64\www\gsg.coelix.live\wp-content\plugins\woocommerce\includes\libraries\action-scheduler\classes\ActionScheduler_ActionFactory.php(59): ActionScheduler_ActionFactory->store(Object(ActionScheduler_Action))
#2 C:\wamp64\www\gsg.coelix.live\wp-content\plugins\woocommerce\includes\libraries\action-scheduler\functions.php(18): ActionScheduler_ActionFactory->single('woocommerce_upd...', Array, 1571028481, '')
#3 C:\wamp64\www\gsg.coelix.live\wp-content\plugins\woocommerce\includes\queue\class-wc-action-queue.php(44): as_schedule_single_action(1571028481, 'woocommer in C:\wamp64\www\gsg.coelix.live\wp-content\plugins\woocommerce\includes\libraries\action-scheduler\classes\ActionScheduler_wpPostStore.php on line 33

2019-10-14T04:48:47+00:00 CRITICAL Uncaught RuntimeException: Error saving action: Unable to save action. in C:\wamp64\www\gsg.coelix.live\wp-content\plugins\woocommerce\includes\libraries\action-scheduler\classes\ActionScheduler_wpPostStore.php:33
Stack trace:
#0 C:\wamp64\www\gsg.coelix.live\wp-content\plugins\woocommerce\includes\libraries\action-scheduler\classes\ActionScheduler_ActionFactory.php(109): ActionScheduler_wpPostStore->save_action(Object(ActionScheduler_Action))
#1 C:\wamp64\www\gsg.coelix.live\wp-content\plugins\woocommerce\includes\libraries\action-scheduler\classes\ActionScheduler_ActionFactory.php(59): ActionScheduler_ActionFactory->store(Object(ActionScheduler_Action))
#2 C:\wamp64\www\gsg.coelix.live\wp-content\plugins\woocommerce\includes\libraries\action-scheduler\functions.php(18): ActionScheduler_ActionFactory->single('woocommerce_upd...', Array, 1571028527, '')
#3 C:\wamp64\www\gsg.coelix.live\wp-content\plugins\woocommerce\includes\queue\class-wc-action-queue.php(44): as_schedule_single_action(1571028527, 'woocommer in C:\wamp64\www\gsg.coelix.live\wp-content\plugins\woocommerce\includes\libraries\action-scheduler\classes\ActionScheduler_wpPostStore.php on line 33

2019-10-14T04:49:47+00:00 CRITICAL Uncaught RuntimeException: Error saving action: Unable to save action. in C:\wamp64\www\gsg.coelix.live\wp-content\plugins\woocommerce\includes\libraries\action-scheduler\classes\ActionScheduler_wpPostStore.php:33
Stack trace:
#0 C:\wamp64\www\gsg.coelix.live\wp-content\plugins\woocommerce\includes\libraries\action-scheduler\classes\ActionScheduler_ActionFactory.php(109): ActionScheduler_wpPostStore->save_action(Object(ActionScheduler_Action))
#1 C:\wamp64\www\gsg.coelix.live\wp-content\plugins\woocommerce\includes\libraries\action-scheduler\classes\ActionScheduler_ActionFactory.php(59): ActionScheduler_ActionFactory->store(Object(ActionScheduler_Action))
#2 C:\wamp64\www\gsg.coelix.live\wp-content\plugins\woocommerce\includes\libraries\action-scheduler\functions.php(18): ActionScheduler_ActionFactory->single('woocommerce_upd...', Array, 1571028586, '')
#3 C:\wamp64\www\gsg.coelix.live\wp-content\plugins\woocommerce\includes\queue\class-wc-action-queue.php(44): as_schedule_single_action(1571028586, 'woocommer in C:\wamp64\www\gsg.coelix.live\wp-content\plugins\woocommerce\includes\libraries\action-scheduler\classes\ActionScheduler_wpPostStore.php on line 33

2019-10-14T04:52:16+00:00 CRITICAL Uncaught RuntimeException: Error saving action: Unable to save action. in C:\wamp64\www\gsg.coelix.live\wp-content\plugins\woocommerce\includes\libraries\action-scheduler\classes\ActionScheduler_wpPostStore.php:33
Stack trace:
#0 C:\wamp64\www\gsg.coelix.live\wp-content\plugins\woocommerce\includes\libraries\action-scheduler\classes\ActionScheduler_ActionFactory.php(109): ActionScheduler_wpPostStore->save_action(Object(ActionScheduler_Action))
#1 C:\wamp64\www\gsg.coelix.live\wp-content\plugins\woocommerce\includes\libraries\action-scheduler\classes\ActionScheduler_ActionFactory.php(59): ActionScheduler_ActionFactory->store(Object(ActionScheduler_Action))
#2 C:\wamp64\www\gsg.coelix.live\wp-content\plugins\woocommerce\includes\libraries\action-scheduler\functions.php(18): ActionScheduler_ActionFactory->single('woocommerce_upd...', Array, 1571028736, '')
#3 C:\wamp64\www\gsg.coelix.live\wp-content\plugins\woocommerce\includes\queue\class-wc-action-queue.php(44): as_schedule_single_action(1571028736, 'woocommer in C:\wamp64\www\gsg.coelix.live\wp-content\plugins\woocommerce\includes\libraries\action-scheduler\classes\ActionScheduler_wpPostStore.php on line 33

2019-10-14T06:19:47+00:00 CRITICAL Maximum execution time of 120 seconds exceeded in C:\wamp64\www\gsg.coelix.live\wp-includes\plugin.php on line 208

2019-10-14T07:26:18+00:00 CRITICAL Uncaught RuntimeException: Error saving action: Unable to save action. in C:\wamp64\www\gsg.coelix.live\wp-content\plugins\woocommerce\includes\libraries\action-scheduler\classes\ActionScheduler_wpPostStore.php:33
Stack trace:
#0 C:\wamp64\www\gsg.coelix.live\wp-content\plugins\woocommerce\includes\libraries\action-scheduler\classes\ActionScheduler_ActionFactory.php(109): ActionScheduler_wpPostStore->save_action(Object(ActionScheduler_Action))
#1 C:\wamp64\www\gsg.coelix.live\wp-content\plugins\woocommerce\includes\libraries\action-scheduler\classes\ActionScheduler_ActionFactory.php(59): ActionScheduler_ActionFactory->store(Object(ActionScheduler_Action))
#2 C:\wamp64\www\gsg.coelix.live\wp-content\plugins\woocommerce\includes\libraries\action-scheduler\functions.php(18): ActionScheduler_ActionFactory->single('woocommerce_upd...', Array, 1571037978, '')
#3 C:\wamp64\www\gsg.coelix.live\wp-content\plugins\woocommerce\includes\queue\class-wc-action-queue.php(44): as_schedule_single_action(1571037978, 'woocommer in C:\wamp64\www\gsg.coelix.live\wp-content\plugins\woocommerce\includes\libraries\action-scheduler\classes\ActionScheduler_wpPostStore.php on line 33

2019-10-14T07:28:42+00:00 CRITICAL Uncaught RuntimeException: Error saving action: Unable to save action. in C:\wamp64\www\gsg.coelix.live\wp-content\plugins\woocommerce\includes\libraries\action-scheduler\classes\ActionScheduler_wpPostStore.php:33
Stack trace:
#0 C:\wamp64\www\gsg.coelix.live\wp-content\plugins\woocommerce\includes\libraries\action-scheduler\classes\ActionScheduler_ActionFactory.php(109): ActionScheduler_wpPostStore->save_action(Object(ActionScheduler_Action))
#1 C:\wamp64\www\gsg.coelix.live\wp-content\plugins\woocommerce\includes\libraries\action-scheduler\classes\ActionScheduler_ActionFactory.php(59): ActionScheduler_ActionFactory->store(Object(ActionScheduler_Action))
#2 C:\wamp64\www\gsg.coelix.live\wp-content\plugins\woocommerce\includes\libraries\action-scheduler\functions.php(18): ActionScheduler_ActionFactory->single('woocommerce_upd...', Array, 1571038122, '')
#3 C:\wamp64\www\gsg.coelix.live\wp-content\plugins\woocommerce\includes\queue\class-wc-action-queue.php(44): as_schedule_single_action(1571038122, 'woocommer in C:\wamp64\www\gsg.coelix.live\wp-content\plugins\woocommerce\includes\libraries\action-scheduler\classes\ActionScheduler_wpPostStore.php on line 33

2019-10-14T07:30:26+00:00 CRITICAL Uncaught RuntimeException: Error saving action: Unable to save action. in C:\wamp64\www\gsg.coelix.live\wp-content\plugins\woocommerce\includes\libraries\action-scheduler\classes\ActionScheduler_wpPostStore.php:33
Stack trace:
#0 C:\wamp64\www\gsg.coelix.live\wp-content\plugins\woocommerce\includes\libraries\action-scheduler\classes\ActionScheduler_ActionFactory.php(109): ActionScheduler_wpPostStore->save_action(Object(ActionScheduler_Action))
#1 C:\wamp64\www\gsg.coelix.live\wp-content\plugins\woocommerce\includes\libraries\action-scheduler\classes\ActionScheduler_ActionFactory.php(59): ActionScheduler_ActionFactory->store(Object(ActionScheduler_Action))
#2 C:\wamp64\www\gsg.coelix.live\wp-content\plugins\woocommerce\includes\libraries\action-scheduler\functions.php(18): ActionScheduler_ActionFactory->single('woocommerce_upd...', Array, 1571038225, '')
#3 C:\wamp64\www\gsg.coelix.live\wp-content\plugins\woocommerce\includes\queue\class-wc-action-queue.php(44): as_schedule_single_action(1571038225, 'woocommer in C:\wamp64\www\gsg.coelix.live\wp-content\plugins\woocommerce\includes\libraries\action-scheduler\classes\ActionScheduler_wpPostStore.php on line 33

2019-10-14T07:34:35+00:00 CRITICAL Maximum execution time of 120 seconds exceeded in C:\wamp64\www\gsg.coelix.live\wp-includes\wp-db.php on line 2007

